mode: set
jobdash/build/android/scripts/deps/install_deps.go:12.13,19.36 4 0
jobdash/build/android/scripts/deps/install_deps.go:19.36,21.3 1 0
jobdash/build/android/scripts/deps/install_deps.go:21.8,23.3 1 0
jobdash/build/android/scripts/deps/install_deps.go:26.2,27.23 2 0
jobdash/build/android/scripts/deps/install_deps.go:27.23,29.3 1 0
jobdash/build/android/scripts/deps/install_deps.go:30.2,30.23 1 0
jobdash/build/android/scripts/deps/install_deps.go:30.23,38.35 3 0
jobdash/build/android/scripts/deps/install_deps.go:38.35,39.40 1 0
jobdash/build/android/scripts/deps/install_deps.go:39.40,41.10 2 0
jobdash/build/android/scripts/deps/install_deps.go:46.2,46.23 1 0
jobdash/build/android/scripts/deps/install_deps.go:46.23,48.3 1 0
jobdash/build/android/scripts/deps/install_deps.go:48.8,50.3 1 0
jobdash/build/android/scripts/deps/install_deps.go:53.2,53.37 1 0
jobdash/build/android/scripts/deps/install_deps.go:53.37,54.24 1 0
jobdash/build/android/scripts/deps/install_deps.go:54.24,57.4 2 0
jobdash/build/android/scripts/deps/install_deps.go:57.9,59.4 1 0
jobdash/build/android/scripts/deps/install_deps.go:60.8,62.3 1 0
jobdash/build/android/scripts/deps/install_deps.go:65.2,65.45 1 0
jobdash/build/android/scripts/deps/install_deps.go:65.45,66.24 1 0
jobdash/build/android/scripts/deps/install_deps.go:66.24,69.4 2 0
jobdash/build/android/scripts/deps/install_deps.go:69.9,71.4 1 0
jobdash/build/android/scripts/deps/install_deps.go:72.8,74.3 1 0
jobdash/build/android/scripts/deps/install_deps.go:77.2,78.40 2 0
jobdash/build/android/scripts/deps/install_deps.go:78.40,81.53 2 0
jobdash/build/android/scripts/deps/install_deps.go:81.53,82.34 1 0
jobdash/build/android/scripts/deps/install_deps.go:82.34,83.22 1 0
jobdash/build/android/scripts/deps/install_deps.go:83.22,85.11 2 0
jobdash/build/android/scripts/deps/install_deps.go:91.2,91.19 1 0
jobdash/build/android/scripts/deps/install_deps.go:91.19,93.3 1 0
jobdash/build/android/scripts/deps/install_deps.go:93.8,95.3 1 0
jobdash/build/android/scripts/deps/install_deps.go:98.2,98.39 1 0
jobdash/build/android/scripts/deps/install_deps.go:98.39,100.3 1 0
jobdash/build/android/scripts/deps/install_deps.go:100.8,102.3 1 0
jobdash/build/android/scripts/deps/install_deps.go:105.2,105.44 1 0
jobdash/build/android/scripts/deps/install_deps.go:105.44,108.63 3 0
jobdash/build/android/scripts/deps/install_deps.go:108.63,111.4 2 0
jobdash/build/android/scripts/deps/install_deps.go:111.9,113.4 1 0
jobdash/build/android/scripts/deps/install_deps.go:116.2,118.21 2 0
jobdash/build/android/scripts/deps/install_deps.go:118.21,120.30 2 0
jobdash/build/android/scripts/deps/install_deps.go:120.30,122.4 1 0
jobdash/build/android/scripts/deps/install_deps.go:123.3,133.31 11 0
jobdash/build/android/scripts/deps/install_deps.go:133.31,135.4 1 0
jobdash/build/android/scripts/deps/install_deps.go:135.9,137.4 1 0
jobdash/build/android/scripts/deps/install_deps.go:138.3,140.13 3 0
jobdash/build/android/scripts/deps/install_deps.go:143.2,143.72 1 0
jobdash/build/android/scripts/deps/install_deps.go:146.53,151.2 4 0
jobdash/build/ios/app_options_default.go:8.54,10.2 0 0
jobdash/build/ios/scripts/deps/install_deps.go:30.13,39.37 5 0
jobdash/build/ios/scripts/deps/install_deps.go:39.37,41.58 1 0
jobdash/build/ios/scripts/deps/install_deps.go:41.58,43.6 1 0
jobdash/build/ios/scripts/deps/install_deps.go:45.5,46.19 2 0
jobdash/build/ios/scripts/deps/install_deps.go:46.19,48.6 1 0
jobdash/build/ios/scripts/deps/install_deps.go:49.5,50.23 2 0
jobdash/build/ios/scripts/deps/install_deps.go:50.23,52.6 1 0
jobdash/build/ios/scripts/deps/install_deps.go:53.5,53.20 1 0
jobdash/build/ios/scripts/deps/install_deps.go:62.37,65.19 2 0
jobdash/build/ios/scripts/deps/install_deps.go:65.19,67.6 1 0
jobdash/build/ios/scripts/deps/install_deps.go:68.5,71.44 2 0
jobdash/build/ios/scripts/deps/install_deps.go:71.44,73.6 1 0
jobdash/build/ios/scripts/deps/install_deps.go:76.5,76.45 1 0
jobdash/build/ios/scripts/deps/install_deps.go:76.45,78.6 1 0
jobdash/build/ios/scripts/deps/install_deps.go:80.5,80.22 1 0
jobdash/build/ios/scripts/deps/install_deps.go:90.37,94.19 3 0
jobdash/build/ios/scripts/deps/install_deps.go:94.19,96.6 1 0
jobdash/build/ios/scripts/deps/install_deps.go:97.5,100.47 2 0
jobdash/build/ios/scripts/deps/install_deps.go:100.47,102.6 1 0
jobdash/build/ios/scripts/deps/install_deps.go:105.5,106.49 2 0
jobdash/build/ios/scripts/deps/install_deps.go:106.49,108.6 1 0
jobdash/build/ios/scripts/deps/install_deps.go:111.5,115.52 4 0
jobdash/build/ios/scripts/deps/install_deps.go:124.37,125.59 1 0
jobdash/build/ios/scripts/deps/install_deps.go:125.59,127.6 1 0
jobdash/build/ios/scripts/deps/install_deps.go:129.5,130.19 2 0
jobdash/build/ios/scripts/deps/install_deps.go:130.19,132.6 1 0
jobdash/build/ios/scripts/deps/install_deps.go:134.5,137.32 4 0
jobdash/build/ios/scripts/deps/install_deps.go:137.32,138.81 1 0
jobdash/build/ios/scripts/deps/install_deps.go:138.81,141.56 2 0
jobdash/build/ios/scripts/deps/install_deps.go:141.56,142.35 1 0
jobdash/build/ios/scripts/deps/install_deps.go:142.35,143.73 1 0
jobdash/build/ios/scripts/deps/install_deps.go:143.73,145.15 2 0
jobdash/build/ios/scripts/deps/install_deps.go:151.5,151.18 1 0
jobdash/build/ios/scripts/deps/install_deps.go:151.18,153.6 1 0
jobdash/build/ios/scripts/deps/install_deps.go:154.5,154.46 1 0
jobdash/build/ios/scripts/deps/install_deps.go:164.2,164.35 1 0
jobdash/build/ios/scripts/deps/install_deps.go:164.35,166.14 2 0
jobdash/build/ios/scripts/deps/install_deps.go:166.14,168.21 2 0
jobdash/build/ios/scripts/deps/install_deps.go:168.21,170.5 1 0
jobdash/build/ios/scripts/deps/install_deps.go:171.4,171.20 1 0
jobdash/build/ios/scripts/deps/install_deps.go:172.9,174.21 2 0
jobdash/build/ios/scripts/deps/install_deps.go:174.21,176.5 1 0
jobdash/build/ios/scripts/deps/install_deps.go:177.4,177.20 1 0
jobdash/build/ios/scripts/deps/install_deps.go:177.20,179.32 2 0
jobdash/build/ios/scripts/deps/install_deps.go:179.32,183.56 4 0
jobdash/build/ios/scripts/deps/install_deps.go:183.56,189.39 6 0
jobdash/build/ios/scripts/deps/install_deps.go:189.39,192.8 2 0
jobdash/build/ios/scripts/deps/install_deps.go:193.7,193.73 1 0
jobdash/build/ios/scripts/deps/install_deps.go:194.12,196.7 1 0
jobdash/build/ios/scripts/deps/install_deps.go:197.11,199.6 1 0
jobdash/build/ios/scripts/deps/install_deps.go:205.2,207.67 3 0
jobdash/build/ios/scripts/deps/install_deps.go:207.67,210.3 2 0
jobdash/build/ios/scripts/deps/install_deps.go:210.8,212.17 2 0
jobdash/build/ios/scripts/deps/install_deps.go:212.17,215.4 2 0
jobdash/build/ios/scripts/deps/install_deps.go:215.9,215.54 1 0
jobdash/build/ios/scripts/deps/install_deps.go:215.54,221.18 4 0
jobdash/build/ios/scripts/deps/install_deps.go:221.18,223.5 1 0
jobdash/build/ios/scripts/deps/install_deps.go:223.10,226.32 3 0
jobdash/build/ios/scripts/deps/install_deps.go:226.32,227.81 1 0
jobdash/build/ios/scripts/deps/install_deps.go:227.81,230.25 2 0
jobdash/build/ios/scripts/deps/install_deps.go:230.25,232.8 1 0
jobdash/build/ios/scripts/deps/install_deps.go:236.5,236.28 1 0
jobdash/build/ios/scripts/deps/install_deps.go:236.28,239.6 2 0
jobdash/build/ios/scripts/deps/install_deps.go:239.11,243.41 4 0
jobdash/build/ios/scripts/deps/install_deps.go:243.41,247.39 4 0
jobdash/build/ios/scripts/deps/install_deps.go:247.39,249.8 1 0
jobdash/build/ios/scripts/deps/install_deps.go:249.13,251.8 1 0
jobdash/build/ios/scripts/deps/install_deps.go:252.12,255.7 2 0
jobdash/build/ios/scripts/deps/install_deps.go:258.9,262.31 3 0
jobdash/build/ios/scripts/deps/install_deps.go:262.31,263.83 1 0
jobdash/build/ios/scripts/deps/install_deps.go:263.83,265.6 1 0
jobdash/build/ios/scripts/deps/install_deps.go:267.4,267.70 1 0
jobdash/build/ios/scripts/deps/install_deps.go:272.2,274.15 3 0
jobdash/build/ios/scripts/deps/install_deps.go:274.15,285.3 10 0
jobdash/build/ios/scripts/deps/install_deps.go:285.8,288.3 2 0
jobdash/build/ios/scripts/deps/install_deps.go:291.39,292.20 1 0
jobdash/build/ios/scripts/deps/install_deps.go:292.20,294.3 1 0
jobdash/build/ios/scripts/deps/install_deps.go:295.2,299.19 5 0
jobdash/build/ios/scripts/deps/install_deps.go:302.39,304.68 1 0
jobdash/build/ios/scripts/deps/install_deps.go:304.68,307.3 2 0
jobdash/build/ios/scripts/deps/install_deps.go:309.2,313.16 4 0
jobdash/build/ios/scripts/deps/install_deps.go:313.16,315.3 1 0
jobdash/build/ios/scripts/deps/install_deps.go:317.2,318.45 2 0
jobdash/db/jobs.go:12.32,15.16 3 0
jobdash/db/jobs.go:15.16,17.3 1 0
jobdash/db/jobs.go:19.2,73.16 3 0
jobdash/db/jobs.go:73.16,75.3 1 0
jobdash/db/jobs.go:78.2,87.31 2 0
jobdash/db/jobs.go:87.31,89.3 1 0
jobdash/db/jobs.go:91.2,91.12 1 0
jobdash/db/jobs.go:120.32,122.25 2 0
jobdash/db/jobs.go:122.25,124.3 1 0
jobdash/db/jobs.go:125.2,126.25 2 0
jobdash/db/jobs.go:126.25,128.3 1 0
jobdash/db/jobs.go:129.2,129.22 1 0
jobdash/db/jobs.go:129.22,131.3 1 0
jobdash/db/jobs.go:133.2,141.12 2 0
jobdash/db/jobs.go:144.47,148.37 3 0
jobdash/db/jobs.go:148.37,150.3 1 0
jobdash/db/jobs.go:150.8,152.3 1 0
jobdash/db/jobs.go:153.2,153.16 1 0
jobdash/db/jobs.go:153.16,155.3 1 0
jobdash/db/jobs.go:156.2,159.18 3 0
jobdash/db/jobs.go:159.18,166.17 3 0
jobdash/db/jobs.go:166.17,168.4 1 0
jobdash/db/jobs.go:169.3,169.25 1 0
jobdash/db/jobs.go:171.2,171.18 1 0
jobdash/db/jobs.go:174.47,177.16 3 0
jobdash/db/jobs.go:177.16,179.17 1 0
jobdash/db/jobs.go:180.18,181.91 1 0
jobdash/db/jobs.go:182.23,183.95 1 0
jobdash/db/jobs.go:184.16,185.87 1 0
jobdash/db/jobs.go:188.2,188.12 1 0
jobdash/db/jobs.go:191.45,195.2 3 0
jobdash/db/jobs.go:197.47,201.2 3 0
jobdash/db/jobs.go:203.55,207.2 3 0
jobdash/db/jobs.go:209.47,213.2 3 0
jobdash/db/jobs.go:215.45,217.16 2 0
jobdash/db/jobs.go:217.16,219.3 1 0
jobdash/db/jobs.go:220.2,223.18 3 0
jobdash/db/jobs.go:223.18,228.3 4 0
jobdash/db/jobs.go:229.2,229.20 1 0
jobdash/db/jobs.go:232.32,236.2 3 0
jobdash/db/jobs.go:239.63,241.16 2 0
jobdash/db/jobs.go:241.16,243.3 1 0
jobdash/db/jobs.go:244.2,247.16 3 0
jobdash/db/jobs.go:247.16,249.3 1 0
jobdash/db/jobs.go:251.2,252.30 2 0
jobdash/db/jobs.go:252.30,255.17 2 0
jobdash/db/jobs.go:255.17,257.4 1 0
jobdash/db/jobs.go:259.2,259.20 1 0
jobdash/db/jobs.go:263.56,265.16 2 0
jobdash/db/jobs.go:265.16,267.3 1 0
jobdash/db/jobs.go:268.2,271.18 3 0
jobdash/db/jobs.go:271.18,275.3 3 0
jobdash/db/jobs.go:276.2,276.22 1 0
jobdash/db/jobs.go:280.43,282.16 2 0
jobdash/db/jobs.go:282.16,284.3 1 0
jobdash/db/jobs.go:285.2,288.16 3 0
jobdash/db/jobs.go:288.16,290.3 1 0
jobdash/db/jobs.go:292.2,293.27 2 0
jobdash/db/jobs.go:293.27,295.17 2 0
jobdash/db/jobs.go:295.17,297.4 1 0
jobdash/db/jobs.go:299.2,299.20 1 0
jobdash/db/jobs.go:303.38,307.2 3 0
jobdash/db/jobs.go:310.41,313.2 2 0
jobdash/db/jobs.go:316.40,318.16 2 0
jobdash/db/jobs.go:318.16,320.3 1 0
jobdash/db/jobs.go:321.2,323.18 3 0
jobdash/db/jobs.go:323.18,327.3 3 0
jobdash/db/jobs.go:328.2,328.20 1 0
jobdash/db/jobs.go:332.44,335.16 3 0
jobdash/db/jobs.go:335.16,337.3 1 0
jobdash/db/jobs.go:338.2,338.19 1 0
jobdash/db/jobs.go:342.41,345.2 2 0
jobdash/db/jobs.go:348.33,351.2 2 0
jobdash/db/jobs.go:354.34,356.16 2 0
jobdash/db/jobs.go:356.16,358.3 1 0
jobdash/db/jobs.go:359.2,360.20 2 0
jobdash/db/jobs.go:363.68,368.2 3 0
jobdash/scraper/engine.go:30.48,34.2 3 0
jobdash/scraper/engine.go:36.25,37.51 1 0
jobdash/scraper/engine.go:37.51,39.3 1 0
jobdash/scraper/engine.go:40.2,40.17 1 0
jobdash/scraper/engine.go:43.25,44.52 1 0
jobdash/scraper/engine.go:44.52,46.3 1 0
jobdash/scraper/engine.go:47.2,47.18 1 0
jobdash/scraper/engine.go:50.44,51.17 1 0
jobdash/scraper/engine.go:51.17,53.3 1 0
jobdash/scraper/engine.go:54.2,54.14 1 0
jobdash/scraper/engine.go:57.50,61.16 4 0
jobdash/scraper/engine.go:61.16,63.3 1 0
jobdash/scraper/engine.go:64.2,64.44 1 0
jobdash/scraper/engine.go:67.71,69.16 2 0
jobdash/scraper/engine.go:69.16,71.3 1 0
jobdash/scraper/engine.go:73.2,81.16 4 0
jobdash/scraper/engine.go:81.16,83.3 1 0
jobdash/scraper/engine.go:85.2,88.24 3 0
jobdash/scraper/engine.go:88.24,90.3 1 0
jobdash/scraper/engine.go:92.2,92.32 1 0
jobdash/scraper/engine.go:96.53,100.29 3 0
jobdash/scraper/engine.go:100.29,107.80 3 0
jobdash/scraper/engine.go:107.80,108.12 1 0
jobdash/scraper/engine.go:110.3,110.17 1 0
jobdash/scraper/engine.go:110.17,112.4 1 0
jobdash/scraper/engine.go:115.2,116.44 2 0
jobdash/scraper/engine.go:116.44,118.108 2 0
jobdash/scraper/engine.go:118.108,120.9 2 0
jobdash/scraper/engine.go:123.2,123.46 1 0
jobdash/scraper/engine.go:123.46,125.3 1 0
jobdash/scraper/engine.go:126.2,126.23 1 0
jobdash/scraper/engine.go:126.23,128.3 1 0
jobdash/scraper/engine.go:130.2,133.26 4 0
jobdash/scraper/engine.go:133.26,137.31 4 0
jobdash/scraper/engine.go:137.31,140.4 2 0
jobdash/scraper/engine.go:142.2,142.17 1 0
jobdash/scraper/engine.go:146.87,147.24 1 0
jobdash/scraper/engine.go:147.24,149.3 1 0
jobdash/scraper/engine.go:150.2,154.30 4 0
jobdash/scraper/engine.go:154.30,159.38 3 0
jobdash/scraper/engine.go:159.38,161.12 2 0
jobdash/scraper/engine.go:165.3,166.22 2 0
jobdash/scraper/engine.go:166.22,168.29 2 0
jobdash/scraper/engine.go:168.29,169.49 1 0
jobdash/scraper/engine.go:169.49,171.11 2 0
jobdash/scraper/engine.go:174.4,174.16 1 0
jobdash/scraper/engine.go:174.16,176.13 2 0
jobdash/scraper/engine.go:181.3,181.22 1 0
jobdash/scraper/engine.go:181.22,182.29 1 0
jobdash/scraper/engine.go:182.29,183.48 1 0
jobdash/scraper/engine.go:183.48,185.11 2 0
jobdash/scraper/engine.go:188.4,188.12 1 0
jobdash/scraper/engine.go:192.3,192.58 1 0
jobdash/scraper/engine.go:192.58,194.4 1 0
jobdash/scraper/engine.go:197.2,198.15 2 0
jobdash/scraper/engine.go:198.15,200.3 1 0
jobdash/scraper/engine.go:201.2,201.26 1 0
jobdash/scraper/engine.go:205.59,207.16 2 0
jobdash/scraper/engine.go:207.16,209.3 1 0
jobdash/scraper/engine.go:211.2,237.27 3 0
jobdash/scraper/engine.go:237.27,238.56 1 0
jobdash/scraper/engine.go:238.56,240.32 2 0
jobdash/scraper/engine.go:240.32,242.5 1 0
jobdash/scraper/engine.go:247.2,248.32 2 0
jobdash/scraper/engine.go:248.32,250.3 1 0
jobdash/scraper/engine.go:251.2,251.41 1 0
jobdash/scraper/engine.go:251.41,253.3 1 0
jobdash/scraper/engine.go:255.2,255.38 1 0
jobdash/scraper/engine.go:255.38,257.3 1 0
jobdash/scraper/engine.go:258.2,258.20 1 0
jobdash/scraper/engine.go:262.70,264.28 2 0
jobdash/scraper/engine.go:264.28,266.3 1 0
jobdash/scraper/engine.go:268.2,283.16 4 0
jobdash/scraper/engine.go:283.16,285.3 1 0
jobdash/scraper/engine.go:286.2,286.44 1 0
jobdash/scraper/engine.go:289.109,292.18 2 0
jobdash/scraper/engine.go:292.18,295.3 2 0
jobdash/scraper/engine.go:297.2,301.44 5 0
jobdash/scraper/engine.go:301.44,303.3 1 0
jobdash/scraper/engine.go:304.2,304.26 1 0
jobdash/scraper/engine.go:304.26,307.3 2 0
jobdash/scraper/engine.go:309.2,311.18 2 0
jobdash/scraper/engine.go:311.18,313.3 1 0
jobdash/scraper/engine.go:315.2,317.16 3 0
jobdash/scraper/engine.go:317.16,320.3 2 0
jobdash/scraper/engine.go:321.2,325.18 3 0
jobdash/scraper/engine.go:325.18,327.3 1 0
jobdash/scraper/engine.go:329.2,329.28 1 0
jobdash/scraper/engine.go:329.28,331.25 2 0
jobdash/scraper/engine.go:331.25,333.4 1 0
jobdash/scraper/engine.go:334.3,334.19 1 0
jobdash/scraper/engine.go:334.19,336.4 1 0
jobdash/scraper/engine.go:337.3,338.21 2 0
jobdash/scraper/engine.go:341.2,360.52 2 0
jobdash/scraper/engine.go:360.52,361.19 1 0
jobdash/scraper/engine.go:361.19,363.4 1 0
jobdash/scraper/engine.go:364.3,364.21 1 0
jobdash/scraper/engine.go:367.2,367.22 1 0
jobdash/scraper/engine.go:367.22,368.19 1 0
jobdash/scraper/engine.go:368.19,370.4 1 0
jobdash/scraper/engine.go:371.3,372.21 2 0
jobdash/scraper/engine.go:375.2,375.18 1 0
jobdash/scraper/engine.go:375.18,377.3 1 0
jobdash/scraper/engine.go:379.2,379.37 1 0
jobdash/scraper/engine.go:379.37,381.30 2 0
jobdash/scraper/engine.go:381.30,383.4 1 0
jobdash/scraper/engine.go:385.3,386.37 2 0
jobdash/scraper/engine.go:386.37,388.4 1 0
jobdash/scraper/engine.go:390.3,391.23 2 0
jobdash/scraper/engine.go:391.23,392.12 1 0
jobdash/scraper/engine.go:395.3,410.43 2 0
jobdash/scraper/engine.go:410.43,412.12 2 0
jobdash/scraper/engine.go:414.3,414.21 1 0
jobdash/scraper/engine.go:417.2,417.20 1 0
jobdash/scraper/engine.go:420.121,422.28 2 0
jobdash/scraper/engine.go:422.28,423.19 1 0
jobdash/scraper/engine.go:423.19,425.4 1 0
jobdash/scraper/engine.go:426.3,427.17 2 0
jobdash/scraper/engine.go:427.17,429.4 1 0
jobdash/scraper/engine.go:430.3,431.51 2 0
jobdash/scraper/engine.go:433.2,433.19 1 0
jobdash/scraper/engine.go:436.32,444.2 1 0
jobdash/main.go:16.13,18.35 2 0
jobdash/main.go:18.35,20.3 1 0
jobdash/main.go:22.2,58.16 6 0
jobdash/main.go:58.16,60.3 1 0
jobdash/service.go:33.45,36.16 3 0
jobdash/service.go:36.16,38.3 1 0
jobdash/service.go:39.2,39.57 1 0
jobdash/service.go:39.57,41.49 2 0
jobdash/service.go:41.49,42.12 1 0
jobdash/service.go:44.3,45.22 2 0
jobdash/service.go:45.22,47.4 1 0
jobdash/service.go:49.2,49.12 1 0
jobdash/service.go:52.40,53.17 1 0
jobdash/service.go:53.17,55.3 1 0
jobdash/service.go:56.2,56.14 1 0
jobdash/service.go:59.38,61.18 2 0
jobdash/service.go:61.18,63.3 1 0
jobdash/service.go:66.35,71.40 4 0
jobdash/service.go:71.40,73.3 1 0
jobdash/service.go:75.2,76.43 2 0
jobdash/service.go:76.43,78.3 1 0
jobdash/service.go:80.2,81.17 2 0
jobdash/service.go:81.17,84.3 2 0
jobdash/service.go:85.2,85.66 1 0
jobdash/service.go:85.66,87.3 1 0
jobdash/service.go:88.2,88.63 1 0
jobdash/service.go:88.63,90.3 1 0
jobdash/service.go:92.2,92.12 1 0
jobdash/service.go:95.63,97.2 1 0
jobdash/service.go:99.60,101.2 1 0
jobdash/service.go:103.58,105.2 1 0
jobdash/service.go:107.58,109.2 1 0
jobdash/service.go:111.57,112.13 1 0
jobdash/service.go:113.18,115.34 2 0
jobdash/service.go:116.21,120.18 4 0
jobdash/service.go:120.18,123.4 2 0
jobdash/service.go:124.21,133.30 8 0
jobdash/service.go:133.30,134.67 1 0
jobdash/service.go:134.67,137.10 3 0
jobdash/service.go:140.3,140.13 1 0
jobdash/service.go:140.13,142.4 1 0
jobdash/service.go:143.3,143.72 1 0
jobdash/service.go:145.2,145.12 1 0
jobdash/service.go:148.41,150.2 1 0
jobdash/service.go:152.55,154.2 1 0
jobdash/service.go:156.62,158.2 1 0
jobdash/service.go:160.61,161.31 1 0
jobdash/service.go:161.31,163.3 1 0
jobdash/service.go:165.2,168.16 3 0
jobdash/service.go:168.16,170.3 1 0
jobdash/service.go:172.2,180.16 4 0
jobdash/service.go:180.16,183.3 2 0
jobdash/service.go:185.2,187.49 3 0
jobdash/service.go:187.49,190.17 3 0
jobdash/service.go:190.17,192.4 1 0
jobdash/service.go:195.2,195.21 1 0
jobdash/service.go:195.21,197.3 1 0
jobdash/service.go:199.2,201.20 3 0
jobdash/service.go:204.78,210.16 5 0
jobdash/service.go:210.16,213.3 2 0
jobdash/service.go:215.2,223.69 7 0
jobdash/service.go:227.47,229.2 1 0
jobdash/service.go:236.76,239.26 2 0
jobdash/service.go:239.26,241.18 2 0
jobdash/service.go:241.18,245.4 3 0
jobdash/service.go:248.2,248.55 1 0
jobdash/service.go:248.55,250.65 2 0
jobdash/service.go:250.65,252.4 1 0
jobdash/service.go:255.2,255.26 1 0
jobdash/service.go:255.26,257.3 1 0
jobdash/service.go:259.2,259.31 1 0
jobdash/service.go:259.31,261.3 1 0
jobdash/service.go:263.2,264.23 2 0
jobdash/service.go:264.23,266.25 2 0
jobdash/service.go:266.25,268.4 1 0
jobdash/service.go:268.9,270.4 1 0
jobdash/service.go:272.2,272.23 1 0
jobdash/service.go:272.23,274.3 1 0
jobdash/service.go:276.2,277.20 2 0
jobdash/service.go:277.20,279.3 1 0
jobdash/service.go:281.2,282.28 2 0
jobdash/service.go:282.28,284.3 1 0
jobdash/service.go:285.2,290.16 5 0
jobdash/service.go:290.16,293.3 2 0
jobdash/service.go:295.2,296.34 2 0
jobdash/service.go:296.34,298.3 1 0
jobdash/service.go:301.2,301.26 1 0
jobdash/service.go:301.26,306.3 4 0
jobdash/service.go:308.2,309.79 2 0
jobdash/service.go:312.51,314.2 1 0
jobdash/service.go:341.52,343.30 2 0
jobdash/service.go:343.30,346.41 3 0
jobdash/service.go:346.41,348.4 1 0
jobdash/service.go:350.2,350.17 1 0
jobdash/service.go:353.49,355.2 1 0
jobdash/service.go:357.43,359.16 2 0
jobdash/service.go:359.16,362.3 2 0
jobdash/service.go:363.2,364.12 2 0
jobdash/service.go:367.77,369.2 1 0
jobdash/service.go:371.67,373.16 2 0
jobdash/service.go:373.16,375.3 1 0
jobdash/service.go:376.2,377.22 2 0
jobdash/service.go:377.22,378.26 1 0
jobdash/service.go:378.26,380.9 2 0
jobdash/service.go:383.2,383.40 1 0
jobdash/service.go:383.40,385.3 1 0
jobdash/service.go:387.2,401.16 6 0
jobdash/service.go:401.16,403.3 1 0
jobdash/service.go:404.2,404.44 1 0
jobdash/service.go:407.72,409.2 1 0
jobdash/service.go:411.58,413.16 2 0
jobdash/service.go:413.16,415.3 1 0
jobdash/service.go:416.2,417.25 2 0
jobdash/service.go:417.25,418.14 1 0
jobdash/service.go:418.14,419.9 1 0
jobdash/service.go:421.3,421.26 1 0
jobdash/service.go:421.26,423.4 1 0
jobdash/service.go:425.2,425.23 1 0
jobdash/service.go:425.23,427.3 1 0
jobdash/service.go:428.2,428.54 1 0
jobdash/service.go:456.64,458.16 2 0
jobdash/service.go:458.16,460.3 1 0
jobdash/service.go:461.2,461.20 1 0
jobdash/service.go:461.20,463.29 2 0
jobdash/service.go:463.29,464.133 1 0
jobdash/service.go:464.133,466.5 1 0
jobdash/service.go:470.2,471.25 2 0
jobdash/service.go:471.25,474.37 3 0
jobdash/service.go:474.37,475.34 1 0
jobdash/service.go:475.34,477.5 1 0
jobdash/service.go:479.3,479.37 1 0
jobdash/service.go:479.37,480.34 1 0
jobdash/service.go:480.34,482.5 1 0
jobdash/service.go:484.3,484.16 1 0
jobdash/service.go:484.16,487.4 2 0
jobdash/service.go:487.9,490.4 2 0
jobdash/service.go:493.2,496.21 2 0
jobdash/service.go:496.21,499.3 2 0
jobdash/service.go:501.2,504.8 1 0
jobdash/service.go:507.42,509.34 2 0
jobdash/service.go:509.34,511.3 1 0
jobdash/service.go:512.2,512.22 1 0
jobdash/service.go:515.39,517.34 2 0
jobdash/service.go:517.34,519.3 1 0
jobdash/service.go:520.2,521.24 2 0
jobdash/service.go:524.52,525.26 1 0
jobdash/service.go:525.26,527.3 1 0
jobdash/service.go:528.2,530.37 2 0
jobdash/service.go:530.37,532.22 2 0
jobdash/service.go:532.22,534.4 1 0
jobdash/service.go:535.3,538.27 3 0
jobdash/service.go:538.27,540.23 2 0
jobdash/service.go:540.23,542.5 1 0
jobdash/service.go:543.4,543.117 1 0
jobdash/service.go:546.3,556.17 4 0
jobdash/service.go:556.17,558.12 2 0
jobdash/service.go:561.3,564.33 4 0
jobdash/service.go:564.33,565.12 1 0
jobdash/service.go:568.3,572.83 2 0
jobdash/service.go:572.83,573.12 1 0
jobdash/service.go:576.3,576.29 1 0
jobdash/service.go:576.29,577.19 1 0
jobdash/service.go:577.19,579.5 1 0
jobdash/service.go:581.3,581.73 1 0
jobdash/service.go:585.46,587.34 2 0
jobdash/service.go:587.34,589.3 1 0
jobdash/service.go:590.2,590.26 1 0
jobdash/service.go:590.26,592.3 1 0
jobdash/service.go:594.2,596.37 2 0
jobdash/service.go:596.37,598.22 2 0
jobdash/service.go:598.22,600.4 1 0
jobdash/service.go:601.3,604.27 3 0
jobdash/service.go:604.27,606.23 2 0
jobdash/service.go:606.23,608.5 1 0
jobdash/service.go:609.4,609.126 1 0
jobdash/service.go:612.3,622.17 4 0
jobdash/service.go:622.17,623.12 1 0
jobdash/service.go:626.3,629.33 4 0
jobdash/service.go:629.33,630.12 1 0
jobdash/service.go:633.3,637.83 2 0
jobdash/service.go:637.83,638.12 1 0
jobdash/service.go:641.3,641.29 1 0
jobdash/service.go:641.29,642.40 1 0
jobdash/service.go:642.40,644.5 1 0
jobdash/service.go:646.3,646.73 1 0
jobdash/service.go:650.50,653.44 2 0
jobdash/service.go:653.44,655.22 2 0
jobdash/service.go:655.22,657.4 1 0
jobdash/service.go:658.3,661.27 3 0
jobdash/service.go:661.27,663.23 2 0
jobdash/service.go:663.23,665.5 1 0
jobdash/service.go:666.4,666.106 1 0
jobdash/service.go:669.3,683.17 4 0
jobdash/service.go:683.17,685.12 2 0
jobdash/service.go:688.3,694.24 4 0
jobdash/service.go:694.24,697.28 2 0
jobdash/service.go:697.28,699.5 1 0
jobdash/service.go:700.4,700.85 1 0
jobdash/service.go:716.91,717.23 1 0
jobdash/service.go:717.23,719.3 1 0
jobdash/service.go:721.2,739.16 4 0
jobdash/service.go:739.16,741.3 1 0
jobdash/service.go:744.2,748.30 4 0
jobdash/service.go:748.30,750.3 1 0
jobdash/service.go:752.2,757.67 4 0
jobdash/service.go:757.67,759.3 1 0
jobdash/service.go:761.2,761.23 1 0
